[0322/193004.033:INFO:CONSOLE(66)] "You must enable Billing on the Google Cloud Project at https://console.cloud.google.com/project/_/billing/enable Learn more at https://developers.google.com/maps/gmp-get-started", source: https://maps.googleapis.com/maps/api/js?key=AIzaSyCy-fMWerzvXcPCV0FDI07hW2DAzs_mnpY&callback=initMap (66)
[0322/193005.636:INFO:CONSOLE(22)] "Here I am !!!", source: https://cn1app/streams/1 (22)
[0322/193018.946:WARNING:spdy_session.cc(3365)] Received HEADERS for invalid stream 113
[0322/193024.649:WARNING:spdy_session.cc(3365)] Received HEADERS for invalid stream 193
[0322/193024.650:WARNING:spdy_session.cc(3365)] Received HEADERS for invalid stream 197
[0322/193024.650:WARNING:spdy_session.cc(3365)] Received HEADERS for invalid stream 195
[0322/193315.438:INFO:CONSOLE(66)] "You must enable Billing on the Google Cloud Project at https://console.cloud.google.com/project/_/billing/enable Learn more at https://developers.google.com/maps/gmp-get-started", source: https://maps.googleapis.com/maps/api/js?key=AIzaSyCy-fMWerzvXcPCV0FDI07hW2DAzs_mnpY&callback=initMap (66)
[0322/193322.598:INFO:CONSOLE(22)] "Here I am !!!", source: https://cn1app/streams/1 (22)
[0322/193647.731:INFO:CONSOLE(66)] "You must enable Billing on the Google Cloud Project at https://console.cloud.google.com/project/_/billing/enable Learn more at https://developers.google.com/maps/gmp-get-started", source: https://maps.googleapis.com/maps/api/js?key=AIzaSyCy-fMWerzvXcPCV0FDI07hW2DAzs_mnpY&callback=initMap (66)
[0322/193655.192:INFO:CONSOLE(22)] "Here I am !!!", source: https://cn1app/streams/1 (22)
[0322/193709.998:WARNING:spdy_session.cc(3365)] Received HEADERS for invalid stream 159
[0322/193710.001:WARNING:spdy_session.cc(3365)] Received HEADERS for invalid stream 161
[0322/193710.014:WARNING:spdy_session.cc(3365)] Received HEADERS for invalid stream 141
[0322/193710.028:WARNING:spdy_session.cc(3365)] Received HEADERS for invalid stream 143
[0322/193710.045:WARNING:spdy_session.cc(3365)] Received HEADERS for invalid stream 157
[0322/193710.075:WARNING:spdy_session.cc(3365)] Received HEADERS for invalid stream 155
[0322/193944.002:INFO:CONSOLE(66)] "You must enable Billing on the Google Cloud Project at https://console.cloud.google.com/project/_/billing/enable Learn more at https://developers.google.com/maps/gmp-get-started", source: https://maps.googleapis.com/maps/api/js?key=AIzaSyCy-fMWerzvXcPCV0FDI07hW2DAzs_mnpY&callback=initMap (66)
[0322/193950.779:INFO:CONSOLE(22)] "Here I am !!!", source: https://cn1app/streams/1 (22)
[0322/194008.785:WARNING:spdy_session.cc(3365)] Received HEADERS for invalid stream 207
[0322/194008.790:WARNING:spdy_session.cc(3365)] Received HEADERS for invalid stream 209
[0322/194008.797:WARNING:spdy_session.cc(3365)] Received HEADERS for invalid stream 211
[0322/194008.797:WARNING:spdy_session.cc(3365)] Received HEADERS for invalid stream 213
[0322/194008.800:WARNING:spdy_session.cc(3365)] Received HEADERS for invalid stream 215
[0322/194008.879:WARNING:spdy_session.cc(3365)] Received HEADERS for invalid stream 217
[0322/194127.260:INFO:CONSOLE(66)] "You must enable Billing on the Google Cloud Project at https://console.cloud.google.com/project/_/billing/enable Learn more at https://developers.google.com/maps/gmp-get-started", source: https://maps.googleapis.com/maps/api/js?key=AIzaSyCy-fMWerzvXcPCV0FDI07hW2DAzs_mnpY&callback=initMap (66)
[0322/194131.753:WARNING:spdy_session.cc(3365)] Received HEADERS for invalid stream 91
[0322/194131.760:WARNING:spdy_session.cc(3365)] Received HEADERS for invalid stream 93
[0322/194131.765:WARNING:spdy_session.cc(3365)] Received HEADERS for invalid stream 95
[0322/194132.068:WARNING:spdy_session.cc(3365)] Received HEADERS for invalid stream 101
[0322/194132.069:WARNING:spdy_session.cc(3365)] Received HEADERS for invalid stream 103
[0322/194132.077:WARNING:spdy_session.cc(3365)] Received HEADERS for invalid stream 105
[0322/194132.085:WARNING:spdy_session.cc(3365)] Received HEADERS for invalid stream 107
[0322/194132.104:WARNING:spdy_session.cc(3365)] Received HEADERS for invalid stream 113
[0322/194132.111:WARNING:spdy_session.cc(3365)] Received HEADERS for invalid stream 111
[0322/194132.112:WARNING:spdy_session.cc(3365)] Received HEADERS for invalid stream 109
[0322/194132.113:WARNING:spdy_session.cc(3365)] Received HEADERS for invalid stream 115
[0322/194134.806:INFO:CONSOLE(22)] "Here I am !!!", source: https://cn1app/streams/1 (22)
[0322/194135.270:WARNING:spdy_session.cc(3365)] Received HEADERS for invalid stream 199
[0322/194135.270:WARNING:spdy_session.cc(3365)] Received HEADERS for invalid stream 201
[0322/194135.281:WARNING:spdy_session.cc(3365)] Received HEADERS for invalid stream 203
[0322/194135.282:WARNING:spdy_session.cc(3365)] Received HEADERS for invalid stream 205
[0322/194135.287:WARNING:spdy_session.cc(3365)] Received HEADERS for invalid stream 207
[0322/194135.345:WARNING:spdy_session.cc(3365)] Received HEADERS for invalid stream 209
[0322/194414.248:INFO:CONSOLE(66)] "You must enable Billing on the Google Cloud Project at https://console.cloud.google.com/project/_/billing/enable Learn more at https://developers.google.com/maps/gmp-get-started", source: https://maps.googleapis.com/maps/api/js?key=AIzaSyCy-fMWerzvXcPCV0FDI07hW2DAzs_mnpY&callback=initMap (66)
[0322/194416.338:WARNING:spdy_session.cc(3365)] Received HEADERS for invalid stream 75
[0322/194416.347:WARNING:spdy_session.cc(3365)] Received HEADERS for invalid stream 77
[0322/194416.397:WARNING:spdy_session.cc(3365)] Received HEADERS for invalid stream 81
[0322/194416.399:WARNING:spdy_session.cc(3365)] Received HEADERS for invalid stream 79
[0322/194416.402:WARNING:spdy_session.cc(3365)] Received HEADERS for invalid stream 85
[0322/194416.404:WARNING:spdy_session.cc(3365)] Received HEADERS for invalid stream 83
[0322/194416.406:WARNING:spdy_session.cc(3365)] Received HEADERS for invalid stream 87
[0322/194416.409:WARNING:spdy_session.cc(3365)] Received HEADERS for invalid stream 89
[0322/194416.409:WARNING:spdy_session.cc(3365)] Received HEADERS for invalid stream 93
[0322/194416.415:WARNING:spdy_session.cc(3365)] Received HEADERS for invalid stream 97
[0322/194416.418:WARNING:spdy_session.cc(3365)] Received HEADERS for invalid stream 91
[0322/194416.424:WARNING:spdy_session.cc(3365)] Received HEADERS for invalid stream 95
[0322/194420.839:WARNING:spdy_session.cc(3365)] Received HEADERS for invalid stream 209
[0322/194421.489:INFO:CONSOLE(22)] "Here I am !!!", source: https://cn1app/streams/1 (22)
[0322/194446.301:INFO:CONSOLE(66)] "You must enable Billing on the Google Cloud Project at https://console.cloud.google.com/project/_/billing/enable Learn more at https://developers.google.com/maps/gmp-get-started", source: https://maps.googleapis.com/maps/api/js?key=AIzaSyCy-fMWerzvXcPCV0FDI07hW2DAzs_mnpY&callback=initMap (66)
[0322/194447.968:WARNING:spdy_session.cc(3365)] Received HEADERS for invalid stream 79
[0322/194447.977:WARNING:spdy_session.cc(3365)] Received HEADERS for invalid stream 81
[0322/194447.986:WARNING:spdy_session.cc(3365)] Received HEADERS for invalid stream 83
[0322/194447.997:WARNING:spdy_session.cc(3365)] Received HEADERS for invalid stream 85
[0322/194447.997:WARNING:spdy_session.cc(3365)] Received HEADERS for invalid stream 87
[0322/194447.997:WARNING:spdy_session.cc(3365)] Received HEADERS for invalid stream 89
[0322/194447.997:WARNING:spdy_session.cc(3365)] Received HEADERS for invalid stream 91
[0322/194448.014:WARNING:spdy_session.cc(3365)] Received HEADERS for invalid stream 93
[0322/194448.015:WARNING:spdy_session.cc(3365)] Received HEADERS for invalid stream 95
[0322/194448.025:WARNING:spdy_session.cc(3365)] Received HEADERS for invalid stream 97
[0322/194453.888:INFO:CONSOLE(22)] "Here I am !!!", source: https://cn1app/streams/1 (22)
[0322/194533.682:INFO:CONSOLE(66)] "You must enable Billing on the Google Cloud Project at https://console.cloud.google.com/project/_/billing/enable Learn more at https://developers.google.com/maps/gmp-get-started", source: https://maps.googleapis.com/maps/api/js?key=AIzaSyCy-fMWerzvXcPCV0FDI07hW2DAzs_mnpY&callback=initMap (66)
[0322/194538.282:INFO:CONSOLE(22)] "Here I am !!!", source: https://cn1app/streams/1 (22)
[0322/194539.180:WARNING:spdy_session.cc(3365)] Received HEADERS for invalid stream 79
[0322/194539.180:WARNING:spdy_session.cc(3365)] Received HEADERS for invalid stream 81
[0322/194539.180:WARNING:spdy_session.cc(3365)] Received HEADERS for invalid stream 83
[0322/194539.180:WARNING:spdy_session.cc(3365)] Received HEADERS for invalid stream 85
[0322/194539.187:WARNING:spdy_session.cc(3365)] Received HEADERS for invalid stream 87
[0322/194539.190:WARNING:spdy_session.cc(3365)] Received HEADERS for invalid stream 89
[0322/194539.190:WARNING:spdy_session.cc(3365)] Received HEADERS for invalid stream 91
[0322/194539.190:WARNING:spdy_session.cc(3365)] Received HEADERS for invalid stream 93
[0322/194539.567:WARNING:spdy_session.cc(3365)] Received HEADERS for invalid stream 111
[0322/194539.567:WARNING:spdy_session.cc(3365)] Received HEADERS for invalid stream 113
[0322/194539.588:WARNING:spdy_session.cc(3365)] Received HEADERS for invalid stream 115
[0322/194548.548:WARNING:spdy_session.cc(3365)] Received HEADERS for invalid stream 151
[0322/194548.548:WARNING:spdy_session.cc(3365)] Received HEADERS for invalid stream 153
[0322/194548.549:WARNING:spdy_session.cc(3365)] Received HEADERS for invalid stream 155
[0322/194623.579:INFO:CONSOLE(66)] "You must enable Billing on the Google Cloud Project at https://console.cloud.google.com/project/_/billing/enable Learn more at https://developers.google.com/maps/gmp-get-started", source: https://maps.googleapis.com/maps/api/js?key=AIzaSyCy-fMWerzvXcPCV0FDI07hW2DAzs_mnpY&callback=initMap (66)
[0322/194630.217:INFO:CONSOLE(22)] "Here I am !!!", source: https://cn1app/streams/1 (22)
[0322/194743.452:INFO:CONSOLE(66)] "You must enable Billing on the Google Cloud Project at https://console.cloud.google.com/project/_/billing/enable Learn more at https://developers.google.com/maps/gmp-get-started", source: https://maps.googleapis.com/maps/api/js?key=AIzaSyCy-fMWerzvXcPCV0FDI07hW2DAzs_mnpY&callback=initMap (66)
[0322/194749.835:INFO:CONSOLE(22)] "Here I am !!!", source: https://cn1app/streams/1 (22)
[0322/194815.159:WARNING:dns_config_service_win.cc(700)] Failed to read DnsConfig.
[0322/194815.159:WARNING:dns_config_service_win.cc(700)] Failed to read DnsConfig.
[0322/194820.296:WARNING:dns_config_service_win.cc(700)] Failed to read DnsConfig.
[0322/194820.296:WARNING:dns_config_service_win.cc(700)] Failed to read DnsConfig.
[0322/194825.318:WARNING:dns_config_service_win.cc(700)] Failed to read DnsConfig.
[0322/194825.318:WARNING:dns_config_service_win.cc(700)] Failed to read DnsConfig.
[0322/195059.460:INFO:CONSOLE(66)] "You must enable Billing on the Google Cloud Project at https://console.cloud.google.com/project/_/billing/enable Learn more at https://developers.google.com/maps/gmp-get-started", source: https://maps.googleapis.com/maps/api/js?key=AIzaSyCy-fMWerzvXcPCV0FDI07hW2DAzs_mnpY&callback=initMap (66)
[0322/195106.712:INFO:CONSOLE(22)] "Here I am !!!", source: https://cn1app/streams/1 (22)
[0322/195129.276:WARNING:spdy_session.cc(3365)] Received HEADERS for invalid stream 253
[0322/195129.379:WARNING:spdy_session.cc(3365)] Received HEADERS for invalid stream 257
[0322/195129.423:WARNING:spdy_session.cc(3365)] Received HEADERS for invalid stream 255
[0322/195129.433:WARNING:spdy_session.cc(3365)] Received HEADERS for invalid stream 259
[0322/195131.871:WARNING:spdy_session.cc(3365)] Received HEADERS for invalid stream 269
[0322/195132.038:WARNING:spdy_session.cc(3365)] Received HEADERS for invalid stream 271
[0322/195132.067:WARNING:spdy_session.cc(3365)] Received HEADERS for invalid stream 273
[0322/195215.321:INFO:CONSOLE(66)] "You must enable Billing on the Google Cloud Project at https://console.cloud.google.com/project/_/billing/enable Learn more at https://developers.google.com/maps/gmp-get-started", source: https://maps.googleapis.com/maps/api/js?key=AIzaSyCy-fMWerzvXcPCV0FDI07hW2DAzs_mnpY&callback=initMap (66)
[0322/195222.505:INFO:CONSOLE(22)] "Here I am !!!", source: https://cn1app/streams/1 (22)
[0322/195247.829:WARNING:spdy_session.cc(3365)] Received HEADERS for invalid stream 321
[0322/195247.833:WARNING:spdy_session.cc(3365)] Received HEADERS for invalid stream 323
[0322/195247.834:WARNING:spdy_session.cc(3365)] Received HEADERS for invalid stream 325
[0322/195247.836:WARNING:spdy_session.cc(3365)] Received HEADERS for invalid stream 327
[0322/195247.866:WARNING:spdy_session.cc(3365)] Received HEADERS for invalid stream 329
[0322/195247.873:WARNING:spdy_session.cc(3365)] Received HEADERS for invalid stream 331
[0322/195248.371:WARNING:spdy_session.cc(3365)] Received HEADERS for invalid stream 355
[0322/195248.382:WARNING:spdy_session.cc(3365)] Received HEADERS for invalid stream 357
[0322/195248.388:WARNING:spdy_session.cc(3365)] Received HEADERS for invalid stream 359
[0322/195248.570:WARNING:spdy_session.cc(3365)] Received HEADERS for invalid stream 371
[0322/195248.571:WARNING:spdy_session.cc(3365)] Received HEADERS for invalid stream 373
[0322/195248.579:WARNING:spdy_session.cc(3365)] Received HEADERS for invalid stream 375
[0322/195248.595:WARNING:spdy_session.cc(3365)] Received HEADERS for invalid stream 377
[0322/195249.016:WARNING:spdy_session.cc(3365)] Received HEADERS for invalid stream 385
[0322/195249.018:WARNING:spdy_session.cc(3365)] Received HEADERS for invalid stream 387
[0322/195304.394:INFO:CONSOLE(66)] "You must enable Billing on the Google Cloud Project at https://console.cloud.google.com/project/_/billing/enable Learn more at https://developers.google.com/maps/gmp-get-started", source: https://maps.googleapis.com/maps/api/js?key=AIzaSyCy-fMWerzvXcPCV0FDI07hW2DAzs_mnpY&callback=initMap (66)
[0322/195311.684:INFO:CONSOLE(22)] "Here I am !!!", source: https://cn1app/streams/1 (22)
[0322/195341.253:INFO:CONSOLE(66)] "You must enable Billing on the Google Cloud Project at https://console.cloud.google.com/project/_/billing/enable Learn more at https://developers.google.com/maps/gmp-get-started", source: https://maps.googleapis.com/maps/api/js?key=AIzaSyCy-fMWerzvXcPCV0FDI07hW2DAzs_mnpY&callback=initMap (66)
[0322/195348.421:INFO:CONSOLE(22)] "Here I am !!!", source: https://cn1app/streams/1 (22)
[0322/195415.120:INFO:CONSOLE(66)] "You must enable Billing on the Google Cloud Project at https://console.cloud.google.com/project/_/billing/enable Learn more at https://developers.google.com/maps/gmp-get-started", source: https://maps.googleapis.com/maps/api/js?key=AIzaSyCy-fMWerzvXcPCV0FDI07hW2DAzs_mnpY&callback=initMap (66)
[0322/195422.065:INFO:CONSOLE(22)] "Here I am !!!", source: https://cn1app/streams/1 (22)
[0322/195430.227:ERROR:tile_manager.cc(793)] WARNING: tile memory limits exceeded, some content may not draw
[0322/195430.265:ERROR:tile_manager.cc(793)] WARNING: tile memory limits exceeded, some content may not draw
[0322/195430.396:ERROR:tile_manager.cc(793)] WARNING: tile memory limits exceeded, some content may not draw
[0322/195430.461:ERROR:tile_manager.cc(793)] WARNING: tile memory limits exceeded, some content may not draw
[0322/195430.551:ERROR:tile_manager.cc(793)] WARNING: tile memory limits exceeded, some content may not draw
[0322/195430.657:ERROR:tile_manager.cc(793)] WARNING: tile memory limits exceeded, some content may not draw
[0322/195430.705:ERROR:tile_manager.cc(793)] WARNING: tile memory limits exceeded, some content may not draw
[0322/195430.784:ERROR:tile_manager.cc(793)] WARNING: tile memory limits exceeded, some content may not draw
[0322/195430.830:ERROR:tile_manager.cc(793)] WARNING: tile memory limits exceeded, some content may not draw
[0322/195430.886:ERROR:tile_manager.cc(793)] WARNING: tile memory limits exceeded, some content may not draw
[0322/195439.353:WARNING:spdy_session.cc(3365)] Received HEADERS for invalid stream 457
[0322/195439.359:WARNING:spdy_session.cc(3365)] Received HEADERS for invalid stream 455
[0322/195439.365:WARNING:spdy_session.cc(3365)] Received HEADERS for invalid stream 459
[0322/195439.373:WARNING:spdy_session.cc(3365)] Received HEADERS for invalid stream 461
[0322/195439.380:WARNING:spdy_session.cc(3365)] Received HEADERS for invalid stream 463
[0322/195439.385:WARNING:spdy_session.cc(3365)] Received HEADERS for invalid stream 465
[0322/195439.394:WARNING:spdy_session.cc(3365)] Received HEADERS for invalid stream 467
[0322/195439.400:WARNING:spdy_session.cc(3365)] Received HEADERS for invalid stream 469
[0322/195439.403:WARNING:spdy_session.cc(3365)] Received HEADERS for invalid stream 473
[0322/195439.413:WARNING:spdy_session.cc(3365)] Received HEADERS for invalid stream 471
[0322/195439.425:WARNING:spdy_session.cc(3365)] Received HEADERS for invalid stream 475
[0322/195441.812:WARNING:spdy_session.cc(3365)] Received HEADERS for invalid stream 533
[0322/195441.816:WARNING:spdy_session.cc(3365)] Received HEADERS for invalid stream 535
[0322/195441.819:WARNING:spdy_session.cc(3365)] Received HEADERS for invalid stream 537
[0322/195441.824:WARNING:spdy_session.cc(3365)] Received HEADERS for invalid stream 539
[0322/195441.824:WARNING:spdy_session.cc(3365)] Received HEADERS for invalid stream 541
[0322/195441.824:WARNING:spdy_session.cc(3365)] Received HEADERS for invalid stream 543
[0322/195441.828:WARNING:spdy_session.cc(3365)] Received HEADERS for invalid stream 545
[0322/195441.838:WARNING:spdy_session.cc(3365)] Received HEADERS for invalid stream 547
[0322/195441.839:WARNING:spdy_session.cc(3365)] Received HEADERS for invalid stream 549
[0322/195441.839:WARNING:spdy_session.cc(3365)] Received HEADERS for invalid stream 551
[0322/195441.840:WARNING:spdy_session.cc(3365)] Received HEADERS for invalid stream 553
[0322/195502.017:INFO:CONSOLE(66)] "You must enable Billing on the Google Cloud Project at https://console.cloud.google.com/project/_/billing/enable Learn more at https://developers.google.com/maps/gmp-get-started", source: https://maps.googleapis.com/maps/api/js?key=AIzaSyCy-fMWerzvXcPCV0FDI07hW2DAzs_mnpY&callback=initMap (66)
[0322/195509.243:INFO:CONSOLE(22)] "Here I am !!!", source: https://cn1app/streams/1 (22)
[0322/195537.970:INFO:CONSOLE(66)] "You must enable Billing on the Google Cloud Project at https://console.cloud.google.com/project/_/billing/enable Learn more at https://developers.google.com/maps/gmp-get-started", source: https://maps.googleapis.com/maps/api/js?key=AIzaSyCy-fMWerzvXcPCV0FDI07hW2DAzs_mnpY&callback=initMap (66)
[0322/195545.483:INFO:CONSOLE(22)] "Here I am !!!", source: https://cn1app/streams/1 (22)
[0322/195553.199:ERROR:tile_manager.cc(793)] WARNING: tile memory limits exceeded, some content may not draw
[0322/195553.213:ERROR:tile_manager.cc(793)] WARNING: tile memory limits exceeded, some content may not draw
[0322/195553.249:ERROR:tile_manager.cc(793)] WARNING: tile memory limits exceeded, some content may not draw
[0322/195553.268:ERROR:tile_manager.cc(793)] WARNING: tile memory limits exceeded, some content may not draw
[0322/195553.286:ERROR:tile_manager.cc(793)] WARNING: tile memory limits exceeded, some content may not draw
[0322/195553.304:ERROR:tile_manager.cc(793)] WARNING: tile memory limits exceeded, some content may not draw
[0322/195553.325:ERROR:tile_manager.cc(793)] WARNING: tile memory limits exceeded, some content may not draw
[0322/195553.375:ERROR:tile_manager.cc(793)] WARNING: tile memory limits exceeded, some content may not draw
[0322/195553.398:ERROR:tile_manager.cc(793)] WARNING: tile memory limits exceeded, some content may not draw
[0322/195553.471:ERROR:tile_manager.cc(793)] WARNING: tile memory limits exceeded, some content may not draw
[0322/195553.504:ERROR:tile_manager.cc(793)] WARNING: tile memory limits exceeded, some content may not draw
[0322/195553.541:ERROR:tile_manager.cc(793)] WARNING: tile memory limits exceeded, some content may not draw
[0322/195553.753:ERROR:tile_manager.cc(793)] WARNING: tile memory limits exceeded, some content may not draw
[0322/195553.835:ERROR:tile_manager.cc(793)] WARNING: tile memory limits exceeded, some content may not draw
[0322/195557.939:ERROR:tile_manager.cc(793)] WARNING: tile memory limits exceeded, some content may not draw
[0322/195558.025:ERROR:tile_manager.cc(793)] WARNING: tile memory limits exceeded, some content may not draw
[0322/195558.086:ERROR:tile_manager.cc(793)] WARNING: tile memory limits exceeded, some content may not draw
[0322/195606.595:WARNING:spdy_session.cc(3365)] Received HEADERS for invalid stream 407
[0322/195606.595:WARNING:spdy_session.cc(3365)] Received HEADERS for invalid stream 409
[0322/195606.596:WARNING:spdy_session.cc(3365)] Received HEADERS for invalid stream 411
[0322/195606.601:WARNING:spdy_session.cc(3365)] Received HEADERS for invalid stream 413
[0322/195606.762:WARNING:spdy_session.cc(3365)] Received HEADERS for invalid stream 435
[0322/195606.762:WARNING:spdy_session.cc(3365)] Received HEADERS for invalid stream 437
[0322/195606.762:WARNING:spdy_session.cc(3365)] Received HEADERS for invalid stream 439
[0322/195606.786:WARNING:spdy_session.cc(3365)] Received HEADERS for invalid stream 427
[0322/195607.209:WARNING:spdy_session.cc(3365)] Received HEADERS for invalid stream 445
[0322/195607.213:WARNING:spdy_session.cc(3365)] Received HEADERS for invalid stream 449
[0322/195607.219:WARNING:spdy_session.cc(3365)] Received HEADERS for invalid stream 451
[0322/195607.222:WARNING:spdy_session.cc(3365)] Received HEADERS for invalid stream 453
[0322/195607.223:WARNING:spdy_session.cc(3365)] Received HEADERS for invalid stream 457
[0322/195607.229:WARNING:spdy_session.cc(3365)] Received HEADERS for invalid stream 459
[0507/180457.833:INFO:CONSOLE(99)] "You must enable Billing on the Google Cloud Project at https://console.cloud.google.com/project/_/billing/enable Learn more at https://developers.google.com/maps/gmp-get-started", source: https://maps.googleapis.com/maps/api/js?key=AIzaSyCy-fMWerzvXcPCV0FDI07hW2DAzs_mnpY&callback=initMap (99)
[0507/180457.948:WARNING:spdy_session.cc(3365)] Received HEADERS for invalid stream 3
[0507/180504.258:INFO:CONSOLE(22)] "Here I am !!!", source: https://cn1app/streams/1 (22)
[0507/180512.601:WARNING:spdy_session.cc(3365)] Received HEADERS for invalid stream 61
[0507/180512.640:WARNING:spdy_session.cc(3365)] Received HEADERS for invalid stream 63
[0507/180512.665:WARNING:spdy_session.cc(3365)] Received HEADERS for invalid stream 65
[0507/180900.278:INFO:CONSOLE(99)] "You must enable Billing on the Google Cloud Project at https://console.cloud.google.com/project/_/billing/enable Learn more at https://developers.google.com/maps/gmp-get-started", source: https://maps.googleapis.com/maps/api/js?key=AIzaSyCy-fMWerzvXcPCV0FDI07hW2DAzs_mnpY&callback=initMap (99)
[0507/180900.779:WARNING:spdy_session.cc(3365)] Received HEADERS for invalid stream 5
[0507/180906.757:INFO:CONSOLE(22)] "Here I am !!!", source: https://cn1app/streams/1 (22)
[0507/184121.484:WARNING:dns_config_service_win.cc(700)] Failed to read DnsConfig.
[0507/184121.484:WARNING:dns_config_service_win.cc(700)] Failed to read DnsConfig.
[0507/220736.900:INFO:CONSOLE(99)] "You must enable Billing on the Google Cloud Project at https://console.cloud.google.com/project/_/billing/enable Learn more at https://developers.google.com/maps/gmp-get-started", source: https://maps.googleapis.com/maps/api/js?key=AIzaSyCy-fMWerzvXcPCV0FDI07hW2DAzs_mnpY&callback=initMap (99)
[0507/220744.897:INFO:CONSOLE(22)] "Here I am !!!", source: https://cn1app/streams/1 (22)
[0508/153723.516:INFO:CONSOLE(99)] "You must enable Billing on the Google Cloud Project at https://console.cloud.google.com/project/_/billing/enable Learn more at https://developers.google.com/maps/gmp-get-started", source: https://maps.googleapis.com/maps/api/js?key=AIzaSyCy-fMWerzvXcPCV0FDI07hW2DAzs_mnpY&callback=initMap (99)
[0508/153732.266:INFO:CONSOLE(22)] "Here I am !!!", source: https://cn1app/streams/1 (22)
[0508/154656.041:INFO:CONSOLE(99)] "You must enable Billing on the Google Cloud Project at https://console.cloud.google.com/project/_/billing/enable Learn more at https://developers.google.com/maps/gmp-get-started", source: https://maps.googleapis.com/maps/api/js?key=AIzaSyCy-fMWerzvXcPCV0FDI07hW2DAzs_mnpY&callback=initMap (99)
[0508/154656.543:WARNING:spdy_session.cc(3365)] Received HEADERS for invalid stream 5
[0508/154704.390:INFO:CONSOLE(22)] "Here I am !!!", source: https://cn1app/streams/1 (22)
[0508/160102.630:INFO:CONSOLE(99)] "You must enable Billing on the Google Cloud Project at https://console.cloud.google.com/project/_/billing/enable Learn more at https://developers.google.com/maps/gmp-get-started", source: https://maps.googleapis.com/maps/api/js?key=AIzaSyCy-fMWerzvXcPCV0FDI07hW2DAzs_mnpY&callback=initMap (99)
[0508/160103.134:WARNING:spdy_session.cc(3365)] Received HEADERS for invalid stream 5
[0508/160749.438:INFO:CONSOLE(99)] "You must enable Billing on the Google Cloud Project at https://console.cloud.google.com/project/_/billing/enable Learn more at https://developers.google.com/maps/gmp-get-started", source: https://maps.googleapis.com/maps/api/js?key=AIzaSyCy-fMWerzvXcPCV0FDI07hW2DAzs_mnpY&callback=initMap (99)
[0508/160749.932:WARNING:spdy_session.cc(3365)] Received HEADERS for invalid stream 5
[0508/160758.219:INFO:CONSOLE(22)] "Here I am !!!", source: https://cn1app/streams/1 (22)
[0508/160910.909:INFO:CONSOLE(99)] "You must enable Billing on the Google Cloud Project at https://console.cloud.google.com/project/_/billing/enable Learn more at https://developers.google.com/maps/gmp-get-started", source: https://maps.googleapis.com/maps/api/js?key=AIzaSyCy-fMWerzvXcPCV0FDI07hW2DAzs_mnpY&callback=initMap (99)
[0508/160911.412:WARNING:spdy_session.cc(3365)] Received HEADERS for invalid stream 5
[0508/160919.679:INFO:CONSOLE(22)] "Here I am !!!", source: https://cn1app/streams/1 (22)
[0508/161014.578:INFO:CONSOLE(99)] "You must enable Billing on the Google Cloud Project at https://console.cloud.google.com/project/_/billing/enable Learn more at https://developers.google.com/maps/gmp-get-started", source: https://maps.googleapis.com/maps/api/js?key=AIzaSyCy-fMWerzvXcPCV0FDI07hW2DAzs_mnpY&callback=initMap (99)
[0508/161015.091:WARNING:spdy_session.cc(3365)] Received HEADERS for invalid stream 5
[0508/161023.213:INFO:CONSOLE(22)] "Here I am !!!", source: https://cn1app/streams/1 (22)
[0508/162039.186:INFO:CONSOLE(99)] "You must enable Billing on the Google Cloud Project at https://console.cloud.google.com/project/_/billing/enable Learn more at https://developers.google.com/maps/gmp-get-started", source: https://maps.googleapis.com/maps/api/js?key=AIzaSyCy-fMWerzvXcPCV0FDI07hW2DAzs_mnpY&callback=initMap (99)
[0508/162039.714:WARNING:spdy_session.cc(3365)] Received HEADERS for invalid stream 5
[0508/162047.522:INFO:CONSOLE(22)] "Here I am !!!", source: https://cn1app/streams/1 (22)
[0508/162208.392:INFO:CONSOLE(99)] "You must enable Billing on the Google Cloud Project at https://console.cloud.google.com/project/_/billing/enable Learn more at https://developers.google.com/maps/gmp-get-started", source: https://maps.googleapis.com/maps/api/js?key=AIzaSyCy-fMWerzvXcPCV0FDI07hW2DAzs_mnpY&callback=initMap (99)
[0508/162208.929:WARNING:spdy_session.cc(3365)] Received HEADERS for invalid stream 5
[0508/162217.135:INFO:CONSOLE(22)] "Here I am !!!", source: https://cn1app/streams/1 (22)
[0508/162741.925:WARNING:spdy_session.cc(3365)] Received HEADERS for invalid stream 21
[0508/162916.705:INFO:CONSOLE(99)] "You must enable Billing on the Google Cloud Project at https://console.cloud.google.com/project/_/billing/enable Learn more at https://developers.google.com/maps/gmp-get-started", source: https://maps.googleapis.com/maps/api/js?key=AIzaSyCy-fMWerzvXcPCV0FDI07hW2DAzs_mnpY&callback=initMap (99)
[0508/162925.533:INFO:CONSOLE(22)] "Here I am !!!", source: https://cn1app/streams/1 (22)
[0508/163305.218:INFO:CONSOLE(99)] "You must enable Billing on the Google Cloud Project at https://console.cloud.google.com/project/_/billing/enable Learn more at https://developers.google.com/maps/gmp-get-started", source: https://maps.googleapis.com/maps/api/js?key=AIzaSyCy-fMWerzvXcPCV0FDI07hW2DAzs_mnpY&callback=initMap (99)
[0508/163305.739:WARNING:spdy_session.cc(3365)] Received HEADERS for invalid stream 5
[0508/163313.870:INFO:CONSOLE(22)] "Here I am !!!", source: https://cn1app/streams/1 (22)
[0508/163743.375:INFO:CONSOLE(99)] "You must enable Billing on the Google Cloud Project at https://console.cloud.google.com/project/_/billing/enable Learn more at https://developers.google.com/maps/gmp-get-started", source: https://maps.googleapis.com/maps/api/js?key=AIzaSyCy-fMWerzvXcPCV0FDI07hW2DAzs_mnpY&callback=initMap (99)
[0508/163956.150:INFO:CONSOLE(99)] "You must enable Billing on the Google Cloud Project at https://console.cloud.google.com/project/_/billing/enable Learn more at https://developers.google.com/maps/gmp-get-started", source: https://maps.googleapis.com/maps/api/js?key=AIzaSyCy-fMWerzvXcPCV0FDI07hW2DAzs_mnpY&callback=initMap (99)
[0508/163956.697:WARNING:spdy_session.cc(3365)] Received HEADERS for invalid stream 5
[0508/164004.643:INFO:CONSOLE(22)] "Here I am !!!", source: https://cn1app/streams/1 (22)
[0508/164449.437:INFO:CONSOLE(99)] "You must enable Billing on the Google Cloud Project at https://console.cloud.google.com/project/_/billing/enable Learn more at https://developers.google.com/maps/gmp-get-started", source: https://maps.googleapis.com/maps/api/js?key=AIzaSyCy-fMWerzvXcPCV0FDI07hW2DAzs_mnpY&callback=initMap (99)
[0508/164458.065:INFO:CONSOLE(22)] "Here I am !!!", source: https://cn1app/streams/1 (22)
[0508/164458.688:ERROR:ssl_client_socket_impl.cc(959)] handshake failed; returned -1, SSL error code 1, net_error -100
[0508/164458.688:ERROR:ssl_client_socket_impl.cc(959)] handshake failed; returned -1, SSL error code 1, net_error -100
[0508/164458.688:ERROR:ssl_client_socket_impl.cc(959)] handshake failed; returned -1, SSL error code 1, net_error -100
[0508/164458.733:ERROR:ssl_client_socket_impl.cc(959)] handshake failed; returned -1, SSL error code 1, net_error -100
[0508/164458.733:ERROR:ssl_client_socket_impl.cc(959)] handshake failed; returned -1, SSL error code 1, net_error -100
[0508/164458.734:ERROR:ssl_client_socket_impl.cc(959)] handshake failed; returned -1, SSL error code 1, net_error -100
[0508/164547.136:ERROR:ssl_client_socket_impl.cc(959)] handshake failed; returned -1, SSL error code 1, net_error -100
[0508/164547.169:ERROR:ssl_client_socket_impl.cc(959)] handshake failed; returned -1, SSL error code 1, net_error -100
[0508/164547.330:INFO:CONSOLE(99)] "You must enable Billing on the Google Cloud Project at https://console.cloud.google.com/project/_/billing/enable Learn more at https://developers.google.com/maps/gmp-get-started", source: https://maps.googleapis.com/maps/api/js?key=AIzaSyCy-fMWerzvXcPCV0FDI07hW2DAzs_mnpY&callback=initMap (99)
[0508/164547.385:ERROR:ssl_client_socket_impl.cc(959)] handshake failed; returned -1, SSL error code 1, net_error -100
[0508/164547.409:ERROR:ssl_client_socket_impl.cc(959)] handshake failed; returned -1, SSL error code 1, net_error -100
[0508/164547.421:ERROR:ssl_client_socket_impl.cc(959)] handshake failed; returned -1, SSL error code 1, net_error -100
[0508/164547.435:ERROR:ssl_client_socket_impl.cc(959)] handshake failed; returned -1, SSL error code 1, net_error -100
[0508/164547.849:ERROR:ssl_client_socket_impl.cc(959)] handshake failed; returned -1, SSL error code 1, net_error -100
[0508/164547.869:ERROR:ssl_client_socket_impl.cc(959)] handshake failed; returned -1, SSL error code 1, net_error -100
[0508/164551.734:ERROR:ssl_client_socket_impl.cc(959)] handshake failed; returned -1, SSL error code 1, net_error -100
[0508/164551.773:ERROR:ssl_client_socket_impl.cc(959)] handshake failed; returned -1, SSL error code 1, net_error -100
[0508/164553.885:INFO:CONSOLE(22)] "Here I am !!!", source: https://cn1app/streams/1 (22)
[0508/164743.468:ERROR:ssl_client_socket_impl.cc(959)] handshake failed; returned -1, SSL error code 1, net_error -100
[0508/164743.495:ERROR:ssl_client_socket_impl.cc(959)] handshake failed; returned -1, SSL error code 1, net_error -100
[0508/164743.767:INFO:CONSOLE(99)] "You must enable Billing on the Google Cloud Project at https://console.cloud.google.com/project/_/billing/enable Learn more at https://developers.google.com/maps/gmp-get-started", source: https://maps.googleapis.com/maps/api/js?key=AIzaSyCy-fMWerzvXcPCV0FDI07hW2DAzs_mnpY&callback=initMap (99)
[0508/164743.972:ERROR:ssl_client_socket_impl.cc(959)] handshake failed; returned -1, SSL error code 1, net_error -100
[0508/164744.056:ERROR:ssl_client_socket_impl.cc(959)] handshake failed; returned -1, SSL error code 1, net_error -100
[0508/164744.311:ERROR:ssl_client_socket_impl.cc(959)] handshake failed; returned -1, SSL error code 1, net_error -100
[0508/164744.340:ERROR:ssl_client_socket_impl.cc(959)] handshake failed; returned -1, SSL error code 1, net_error -100
[0508/164752.341:INFO:CONSOLE(22)] "Here I am !!!", source: https://cn1app/streams/1 (22)
[0508/165315.374:INFO:CONSOLE(99)] "You must enable Billing on the Google Cloud Project at https://console.cloud.google.com/project/_/billing/enable Learn more at https://developers.google.com/maps/gmp-get-started", source: https://maps.googleapis.com/maps/api/js?key=AIzaSyCy-fMWerzvXcPCV0FDI07hW2DAzs_mnpY&callback=initMap (99)
[0508/165315.925:WARNING:spdy_session.cc(3365)] Received HEADERS for invalid stream 5
[0508/165324.025:INFO:CONSOLE(22)] "Here I am !!!", source: https://cn1app/streams/1 (22)
[0508/165545.415:INFO:CONSOLE(99)] "You must enable Billing on the Google Cloud Project at https://console.cloud.google.com/project/_/billing/enable Learn more at https://developers.google.com/maps/gmp-get-started", source: https://maps.googleapis.com/maps/api/js?key=AIzaSyCy-fMWerzvXcPCV0FDI07hW2DAzs_mnpY&callback=initMap (99)
[0508/165545.943:WARNING:spdy_session.cc(3365)] Received HEADERS for invalid stream 5
[0508/165554.513:INFO:CONSOLE(22)] "Here I am !!!", source: https://cn1app/streams/1 (22)
[0508/165643.538:WARNING:spdy_session.cc(3365)] Received HEADERS for invalid stream 19
[0508/165643.554:WARNING:spdy_session.cc(3365)] Received HEADERS for invalid stream 15
[0508/165826.081:INFO:CONSOLE(99)] "You must enable Billing on the Google Cloud Project at https://console.cloud.google.com/project/_/billing/enable Learn more at https://developers.google.com/maps/gmp-get-started", source: https://maps.googleapis.com/maps/api/js?key=AIzaSyCy-fMWerzvXcPCV0FDI07hW2DAzs_mnpY&callback=initMap (99)
[0508/165826.574:WARNING:spdy_session.cc(3365)] Received HEADERS for invalid stream 5
[0508/165856.628:WARNING:spdy_session.cc(3365)] Received HEADERS for invalid stream 15
[0508/170057.856:INFO:CONSOLE(99)] "You must enable Billing on the Google Cloud Project at https://console.cloud.google.com/project/_/billing/enable Learn more at https://developers.google.com/maps/gmp-get-started", source: https://maps.googleapis.com/maps/api/js?key=AIzaSyCy-fMWerzvXcPCV0FDI07hW2DAzs_mnpY&callback=initMap (99)
[0508/170106.526:INFO:CONSOLE(22)] "Here I am !!!", source: https://cn1app/streams/1 (22)
[0508/170147.001:INFO:CONSOLE(99)] "You must enable Billing on the Google Cloud Project at https://console.cloud.google.com/project/_/billing/enable Learn more at https://developers.google.com/maps/gmp-get-started", source: https://maps.googleapis.com/maps/api/js?key=AIzaSyCy-fMWerzvXcPCV0FDI07hW2DAzs_mnpY&callback=initMap (99)
[0508/170147.510:WARNING:spdy_session.cc(3365)] Received HEADERS for invalid stream 5
[0508/170155.418:INFO:CONSOLE(22)] "Here I am !!!", source: https://cn1app/streams/1 (22)
[0508/170354.535:INFO:CONSOLE(99)] "You must enable Billing on the Google Cloud Project at https://console.cloud.google.com/project/_/billing/enable Learn more at https://developers.google.com/maps/gmp-get-started", source: https://maps.googleapis.com/maps/api/js?key=AIzaSyCy-fMWerzvXcPCV0FDI07hW2DAzs_mnpY&callback=initMap (99)
[0508/170539.069:INFO:CONSOLE(99)] "You must enable Billing on the Google Cloud Project at https://console.cloud.google.com/project/_/billing/enable Learn more at https://developers.google.com/maps/gmp-get-started", source: https://maps.googleapis.com/maps/api/js?key=AIzaSyCy-fMWerzvXcPCV0FDI07hW2DAzs_mnpY&callback=initMap (99)
[0508/170539.616:WARNING:spdy_session.cc(3365)] Received HEADERS for invalid stream 5
[0508/170547.715:INFO:CONSOLE(22)] "Here I am !!!", source: https://cn1app/streams/1 (22)
[0508/170656.586:INFO:CONSOLE(99)] "You must enable Billing on the Google Cloud Project at https://console.cloud.google.com/project/_/billing/enable Learn more at https://developers.google.com/maps/gmp-get-started", source: https://maps.googleapis.com/maps/api/js?key=AIzaSyCy-fMWerzvXcPCV0FDI07hW2DAzs_mnpY&callback=initMap (99)
[0508/170657.135:WARNING:spdy_session.cc(3365)] Received HEADERS for invalid stream 5
[0508/170703.128:INFO:CONSOLE(22)] "Here I am !!!", source: https://cn1app/streams/1 (22)
[0508/171033.272:INFO:CONSOLE(99)] "You must enable Billing on the Google Cloud Project at https://console.cloud.google.com/project/_/billing/enable Learn more at https://developers.google.com/maps/gmp-get-started", source: https://maps.googleapis.com/maps/api/js?key=AIzaSyCy-fMWerzvXcPCV0FDI07hW2DAzs_mnpY&callback=initMap (99)
[0508/171033.827:WARNING:spdy_session.cc(3365)] Received HEADERS for invalid stream 5
[0508/171041.989:INFO:CONSOLE(22)] "Here I am !!!", source: https://cn1app/streams/1 (22)
[0508/171130.436:INFO:CONSOLE(99)] "You must enable Billing on the Google Cloud Project at https://console.cloud.google.com/project/_/billing/enable Learn more at https://developers.google.com/maps/gmp-get-started", source: https://maps.googleapis.com/maps/api/js?key=AIzaSyCy-fMWerzvXcPCV0FDI07hW2DAzs_mnpY&callback=initMap (99)
[0508/171130.963:WARNING:spdy_session.cc(3365)] Received HEADERS for invalid stream 5
[0508/171531.053:INFO:CONSOLE(99)] "You must enable Billing on the Google Cloud Project at https://console.cloud.google.com/project/_/billing/enable Learn more at https://developers.google.com/maps/gmp-get-started", source: https://maps.googleapis.com/maps/api/js?key=AIzaSyCy-fMWerzvXcPCV0FDI07hW2DAzs_mnpY&callback=initMap (99)
[0508/171539.776:INFO:CONSOLE(22)] "Here I am !!!", source: https://cn1app/streams/1 (22)
[0508/171821.854:INFO:CONSOLE(99)] "You must enable Billing on the Google Cloud Project at https://console.cloud.google.com/project/_/billing/enable Learn more at https://developers.google.com/maps/gmp-get-started", source: https://maps.googleapis.com/maps/api/js?key=AIzaSyCy-fMWerzvXcPCV0FDI07hW2DAzs_mnpY&callback=initMap (99)
[0508/171822.376:WARNING:spdy_session.cc(3365)] Received HEADERS for invalid stream 5
[0508/171830.357:INFO:CONSOLE(22)] "Here I am !!!", source: https://cn1app/streams/1 (22)
[0508/172042.041:INFO:CONSOLE(99)] "You must enable Billing on the Google Cloud Project at https://console.cloud.google.com/project/_/billing/enable Learn more at https://developers.google.com/maps/gmp-get-started", source: https://maps.googleapis.com/maps/api/js?key=AIzaSyCy-fMWerzvXcPCV0FDI07hW2DAzs_mnpY&callback=initMap (99)
[0508/172050.434:INFO:CONSOLE(22)] "Here I am !!!", source: https://cn1app/streams/1 (22)
[0508/172504.450:INFO:CONSOLE(99)] "You must enable Billing on the Google Cloud Project at https://console.cloud.google.com/project/_/billing/enable Learn more at https://developers.google.com/maps/gmp-get-started", source: https://maps.googleapis.com/maps/api/js?key=AIzaSyCy-fMWerzvXcPCV0FDI07hW2DAzs_mnpY&callback=initMap (99)
[0508/172504.982:WARNING:spdy_session.cc(3365)] Received HEADERS for invalid stream 5
[0508/172513.137:INFO:CONSOLE(22)] "Here I am !!!", source: https://cn1app/streams/1 (22)
[0508/172524.437:INFO:CONSOLE(99)] "You must enable Billing on the Google Cloud Project at https://console.cloud.google.com/project/_/billing/enable Learn more at https://developers.google.com/maps/gmp-get-started", source: https://maps.googleapis.com/maps/api/js?key=AIzaSyCy-fMWerzvXcPCV0FDI07hW2DAzs_mnpY&callback=initMap (99)
[0508/172533.914:INFO:CONSOLE(22)] "Here I am !!!", source: https://cn1app/streams/2 (22)
[0508/203120.165:WARNING:dns_config_service_win.cc(700)] Failed to read DnsConfig.
[0508/203120.175:WARNING:dns_config_service_win.cc(700)] Failed to read DnsConfig.
[0508/203120.491:WARNING:dns_config_service_win.cc(700)] Failed to read DnsConfig.
[0508/214714.433:WARNING:dns_config_service_win.cc(700)] Failed to read DnsConfig.
[0508/214714.433:WARNING:dns_config_service_win.cc(700)] Failed to read DnsConfig.
[0508/214714.778:WARNING:dns_config_service_win.cc(700)] Failed to read DnsConfig.
[0508/214714.786:WARNING:dns_config_service_win.cc(700)] Failed to read DnsConfig.
[0508/215311.841:INFO:CONSOLE(99)] "You must enable Billing on the Google Cloud Project at https://console.cloud.google.com/project/_/billing/enable Learn more at https://developers.google.com/maps/gmp-get-started", source: https://maps.googleapis.com/maps/api/js?key=AIzaSyCy-fMWerzvXcPCV0FDI07hW2DAzs_mnpY&callback=initMap (99)
[0508/215317.233:INFO:CONSOLE(22)] "Here I am !!!", source: https://cn1app/streams/1 (22)
[0508/215529.369:WARNING:dns_config_service_win.cc(700)] Failed to read DnsConfig.
[0508/215529.370:WARNING:dns_config_service_win.cc(700)] Failed to read DnsConfig.
[0508/215534.416:WARNING:dns_config_service_win.cc(700)] Failed to read DnsConfig.
[0508/215534.416:WARNING:dns_config_service_win.cc(700)] Failed to read DnsConfig.
[0508/215539.431:WARNING:dns_config_service_win.cc(700)] Failed to read DnsConfig.
[0508/215539.431:WARNING:dns_config_service_win.cc(700)] Failed to read DnsConfig.
[0508/230359.302:INFO:CONSOLE(99)] "You must enable Billing on the Google Cloud Project at https://console.cloud.google.com/project/_/billing/enable Learn more at https://developers.google.com/maps/gmp-get-started", source: https://maps.googleapis.com/maps/api/js?key=AIzaSyCy-fMWerzvXcPCV0FDI07hW2DAzs_mnpY&callback=initMap (99)
[0508/230405.937:INFO:CONSOLE(22)] "Here I am !!!", source: https://cn1app/streams/1 (22)
[0508/230542.534:INFO:CONSOLE(99)] "You must enable Billing on the Google Cloud Project at https://console.cloud.google.com/project/_/billing/enable Learn more at https://developers.google.com/maps/gmp-get-started", source: https://maps.googleapis.com/maps/api/js?key=AIzaSyCy-fMWerzvXcPCV0FDI07hW2DAzs_mnpY&callback=initMap (99)
[0508/230543.333:WARNING:spdy_session.cc(3365)] Received HEADERS for invalid stream 5
[0508/230550.304:INFO:CONSOLE(22)] "Here I am !!!", source: https://cn1app/streams/1 (22)
[0508/230616.593:INFO:CONSOLE(99)] "You must enable Billing on the Google Cloud Project at https://console.cloud.google.com/project/_/billing/enable Learn more at https://developers.google.com/maps/gmp-get-started", source: https://maps.googleapis.com/maps/api/js?key=AIzaSyCy-fMWerzvXcPCV0FDI07hW2DAzs_mnpY&callback=initMap (99)
[0508/230617.792:WARNING:spdy_session.cc(3365)] Received HEADERS for invalid stream 5
[0508/230624.035:INFO:CONSOLE(22)] "Here I am !!!", source: https://cn1app/streams/1 (22)
[0508/230652.716:INFO:CONSOLE(99)] "You must enable Billing on the Google Cloud Project at https://console.cloud.google.com/project/_/billing/enable Learn more at https://developers.google.com/maps/gmp-get-started", source: https://maps.googleapis.com/maps/api/js?key=AIzaSyCy-fMWerzvXcPCV0FDI07hW2DAzs_mnpY&callback=initMap (99)
[0508/230700.028:INFO:CONSOLE(22)] "Here I am !!!", source: https://cn1app/streams/1 (22)
[0508/232956.351:INFO:CONSOLE(99)] "You must enable Billing on the Google Cloud Project at https://console.cloud.google.com/project/_/billing/enable Learn more at https://developers.google.com/maps/gmp-get-started", source: https://maps.googleapis.com/maps/api/js?key=AIzaSyCy-fMWerzvXcPCV0FDI07hW2DAzs_mnpY&callback=initMap (99)
[0508/232957.645:WARNING:spdy_session.cc(3365)] Received HEADERS for invalid stream 5
[0508/233003.586:INFO:CONSOLE(22)] "Here I am !!!", source: https://cn1app/streams/1 (22)
[0508/233921.811:INFO:CONSOLE(99)] "You must enable Billing on the Google Cloud Project at https://console.cloud.google.com/project/_/billing/enable Learn more at https://developers.google.com/maps/gmp-get-started", source: https://maps.googleapis.com/maps/api/js?key=AIzaSyCy-fMWerzvXcPCV0FDI07hW2DAzs_mnpY&callback=initMap (99)
[0508/233927.913:INFO:CONSOLE(22)] "Here I am !!!", source: https://cn1app/streams/1 (22)
[0508/233942.314:INFO:CONSOLE(99)] "You must enable Billing on the Google Cloud Project at https://console.cloud.google.com/project/_/billing/enable Learn more at https://developers.google.com/maps/gmp-get-started", source: https://maps.googleapis.com/maps/api/js?key=AIzaSyCy-fMWerzvXcPCV0FDI07hW2DAzs_mnpY&callback=initMap (99)
[0508/233942.768:WARNING:spdy_session.cc(3365)] Received HEADERS for invalid stream 7
[0508/233951.114:INFO:CONSOLE(22)] "Here I am !!!", source: https://cn1app/streams/2 (22)
[0509/014308.745:INFO:CONSOLE(99)] "You must enable Billing on the Google Cloud Project at https://console.cloud.google.com/project/_/billing/enable Learn more at https://developers.google.com/maps/gmp-get-started", source: https://maps.googleapis.com/maps/api/js?key=AIzaSyCy-fMWerzvXcPCV0FDI07hW2DAzs_mnpY&callback=initMap (99)
[0509/014317.054:INFO:CONSOLE(22)] "Here I am !!!", source: https://cn1app/streams/1 (22)
